mode: set
github.com/adnvilla/patrician/main.go:16.13,17.37 1 0
github.com/adnvilla/patrician/main.go:17.37,20.3 2 0
github.com/adnvilla/patrician/main.go:22.2,27.16 4 0
github.com/adnvilla/patrician/main.go:27.16,29.3 1 0
github.com/adnvilla/patrician/main.go:30.2,30.62 1 0
github.com/adnvilla/patrician/main.go:30.62,32.3 1 0
github.com/adnvilla/patrician/main.go:34.2,47.14 10 0
github.com/adnvilla/patrician/src/application/use_cases/get_cities.go:13.75,15.2 1 1
github.com/adnvilla/patrician/src/application/use_cases/get_cities.go:17.97,19.2 1 1
github.com/adnvilla/patrician/src/application/use_cases/get_city_commodities.go:17.109,19.2 1 1
github.com/adnvilla/patrician/src/application/use_cases/get_city_commodities.go:21.131,24.2 2 1
github.com/adnvilla/patrician/src/application/use_cases/get_commodities.go:13.85,15.2 1 1
github.com/adnvilla/patrician/src/application/use_cases/get_commodities.go:17.107,19.2 1 1
github.com/adnvilla/patrician/src/application/use_cases/get_distances.go:13.84,15.2 1 1
github.com/adnvilla/patrician/src/application/use_cases/get_distances.go:17.106,19.2 1 1
github.com/adnvilla/patrician/src/domain/city.go:12.50,14.2 1 1
github.com/adnvilla/patrician/src/domain/city.go:16.93,19.9 3 1
github.com/adnvilla/patrician/src/domain/city.go:19.9,21.3 1 1
github.com/adnvilla/patrician/src/domain/city.go:23.2,28.12 5 1
github.com/adnvilla/patrician/src/domain/city.go:31.55,33.2 1 0
github.com/adnvilla/patrician/src/domain/city.go:35.66,37.2 1 0
github.com/adnvilla/patrician/src/domain/city.go:39.53,41.2 1 1
github.com/adnvilla/patrician/src/domain/city.go:43.53,48.2 3 1
github.com/adnvilla/patrician/src/domain/city.go:50.81,61.2 6 1
github.com/adnvilla/patrician/src/domain/city.go:63.75,65.45 2 1
github.com/adnvilla/patrician/src/domain/city.go:65.45,67.3 1 1
github.com/adnvilla/patrician/src/domain/city.go:68.2,68.15 1 1
github.com/adnvilla/patrician/src/domain/city.go:71.55,73.45 2 1
github.com/adnvilla/patrician/src/domain/city.go:73.45,75.3 1 1
github.com/adnvilla/patrician/src/domain/city.go:76.2,76.15 1 1
github.com/adnvilla/patrician/src/domain/commodity.go:15.38,17.2 1 1
github.com/adnvilla/patrician/src/domain/commodity.go:20.45,43.2 1 1
github.com/adnvilla/patrician/src/infrastructure/data/postgresql/cities_repository.go:13.53,15.2 1 1
github.com/adnvilla/patrician/src/infrastructure/data/postgresql/cities_repository.go:17.58,19.50 2 1
github.com/adnvilla/patrician/src/infrastructure/data/postgresql/cities_repository.go:19.50,21.3 1 0
github.com/adnvilla/patrician/src/infrastructure/data/postgresql/cities_repository.go:22.2,23.12 2 1
github.com/adnvilla/patrician/src/infrastructure/data/postgresql/cities_repository.go:26.58,29.2 2 1
github.com/adnvilla/patrician/src/infrastructure/data/postgresql/cities_repository.go:31.58,34.2 2 1
github.com/adnvilla/patrician/src/infrastructure/data/postgresql/cities_repository.go:36.59,38.83 2 1
github.com/adnvilla/patrician/src/infrastructure/data/postgresql/cities_repository.go:38.83,40.3 1 0
github.com/adnvilla/patrician/src/infrastructure/data/postgresql/cities_repository.go:41.2,41.40 1 1
github.com/adnvilla/patrician/src/infrastructure/data/postgresql/cities_repository.go:44.66,46.87 2 1
github.com/adnvilla/patrician/src/infrastructure/data/postgresql/cities_repository.go:46.87,48.3 1 0
github.com/adnvilla/patrician/src/infrastructure/data/postgresql/cities_repository.go:49.2,50.19 2 1
github.com/adnvilla/patrician/src/infrastructure/data/postgresql/cities_repository.go:53.44,55.37 2 1
github.com/adnvilla/patrician/src/infrastructure/data/postgresql/cities_repository.go:55.37,57.48 2 1
github.com/adnvilla/patrician/src/infrastructure/data/postgresql/cities_repository.go:57.48,59.4 1 1
github.com/adnvilla/patrician/src/infrastructure/data/postgresql/cities_repository.go:60.3,60.20 1 1
github.com/adnvilla/patrician/src/infrastructure/data/postgresql/cities_repository.go:62.2,62.10 1 1
github.com/adnvilla/patrician/src/infrastructure/data/postgresql/cities_repository.go:65.50,68.46 3 1
github.com/adnvilla/patrician/src/infrastructure/data/postgresql/cities_repository.go:68.46,71.3 2 1
github.com/adnvilla/patrician/src/infrastructure/data/postgresql/cities_repository.go:72.2,73.13 2 1
github.com/adnvilla/patrician/src/infrastructure/data/postgresql/cities_repository.go:76.59,78.27 2 1
github.com/adnvilla/patrician/src/infrastructure/data/postgresql/cities_repository.go:78.27,81.3 2 1
github.com/adnvilla/patrician/src/infrastructure/data/postgresql/cities_repository.go:82.2,82.15 1 1
github.com/adnvilla/patrician/src/infrastructure/data/postgresql/commodities_repository.go:13.63,15.2 1 1
github.com/adnvilla/patrician/src/infrastructure/data/postgresql/commodities_repository.go:17.65,19.49 2 1
github.com/adnvilla/patrician/src/infrastructure/data/postgresql/commodities_repository.go:19.49,21.3 1 0
github.com/adnvilla/patrician/src/infrastructure/data/postgresql/commodities_repository.go:22.2,23.12 2 1
github.com/adnvilla/patrician/src/infrastructure/data/postgresql/commodities_repository.go:26.65,29.2 2 1
github.com/adnvilla/patrician/src/infrastructure/data/postgresql/commodities_repository.go:31.65,33.2 1 1
github.com/adnvilla/patrician/src/infrastructure/data/postgresql/commodities_repository.go:35.76,37.53 2 1
github.com/adnvilla/patrician/src/infrastructure/data/postgresql/commodities_repository.go:37.53,39.3 1 1
github.com/adnvilla/patrician/src/infrastructure/data/postgresql/commodities_repository.go:40.2,41.24 2 1
github.com/adnvilla/patrician/src/infrastructure/data/postgresql/commodities_repository.go:44.60,54.2 1 1
github.com/adnvilla/patrician/src/infrastructure/data/postgresql/commodities_repository.go:56.65,66.2 1 1
github.com/adnvilla/patrician/src/infrastructure/data/postgresql/db.go:13.32,14.15 1 0
github.com/adnvilla/patrician/src/infrastructure/data/postgresql/db.go:14.15,16.3 1 0
github.com/adnvilla/patrician/src/infrastructure/data/postgresql/db.go:17.2,18.15 2 0
github.com/adnvilla/patrician/src/infrastructure/data/postgresql/db.go:18.15,21.3 1 0
github.com/adnvilla/patrician/src/infrastructure/data/postgresql/db.go:22.2,24.16 3 0
github.com/adnvilla/patrician/src/infrastructure/data/postgresql/distances_repository.go:13.61,15.2 1 1
github.com/adnvilla/patrician/src/infrastructure/data/postgresql/distances_repository.go:17.63,19.49 2 1
github.com/adnvilla/patrician/src/infrastructure/data/postgresql/distances_repository.go:19.49,21.3 1 0
github.com/adnvilla/patrician/src/infrastructure/data/postgresql/distances_repository.go:22.2,23.12 2 1
github.com/adnvilla/patrician/src/infrastructure/data/postgresql/distances_repository.go:26.63,29.2 2 1
github.com/adnvilla/patrician/src/infrastructure/data/postgresql/distances_repository.go:31.63,33.2 1 1
github.com/adnvilla/patrician/src/infrastructure/data/postgresql/distances_repository.go:35.67,37.49 2 1
github.com/adnvilla/patrician/src/infrastructure/data/postgresql/distances_repository.go:37.49,39.3 1 0
github.com/adnvilla/patrician/src/infrastructure/data/postgresql/distances_repository.go:40.2,41.27 2 1
github.com/adnvilla/patrician/src/infrastructure/data/postgresql/distances_repository.go:41.27,43.3 1 1
github.com/adnvilla/patrician/src/infrastructure/data/postgresql/distances_repository.go:44.2,44.17 1 1
github.com/adnvilla/patrician/src/infrastructure/data/postgresql/distances_repository.go:47.57,54.2 1 1
github.com/adnvilla/patrician/src/infrastructure/data/postgresql/distances_repository.go:56.62,63.2 1 1
github.com/adnvilla/patrician/src/infrastructure/data/postgresql/markethall_repository.go:13.65,15.2 1 1
github.com/adnvilla/patrician/src/infrastructure/data/postgresql/markethall_repository.go:17.67,19.50 2 1
github.com/adnvilla/patrician/src/infrastructure/data/postgresql/markethall_repository.go:19.50,21.3 1 0
github.com/adnvilla/patrician/src/infrastructure/data/postgresql/markethall_repository.go:22.2,23.12 2 1
github.com/adnvilla/patrician/src/infrastructure/data/postgresql/markethall_repository.go:26.67,29.2 2 1
github.com/adnvilla/patrician/src/infrastructure/data/postgresql/markethall_repository.go:31.67,34.2 2 1
github.com/adnvilla/patrician/src/infrastructure/data/postgresql/markethall_repository.go:36.78,38.76 2 1
github.com/adnvilla/patrician/src/infrastructure/data/postgresql/markethall_repository.go:38.76,40.3 1 0
github.com/adnvilla/patrician/src/infrastructure/data/postgresql/markethall_repository.go:41.2,42.17 2 1
github.com/adnvilla/patrician/src/infrastructure/data/postgresql/markethall_repository.go:45.62,47.34 2 1
github.com/adnvilla/patrician/src/infrastructure/data/postgresql/markethall_repository.go:47.34,49.3 1 1
github.com/adnvilla/patrician/src/infrastructure/data/postgresql/markethall_repository.go:50.2,50.12 1 1
github.com/adnvilla/patrician/src/infrastructure/data/postgresql/markethall_repository.go:53.68,55.34 2 1
github.com/adnvilla/patrician/src/infrastructure/data/postgresql/markethall_repository.go:55.34,58.3 2 1
github.com/adnvilla/patrician/src/infrastructure/data/postgresql/markethall_repository.go:59.2,59.11 1 1
github.com/adnvilla/patrician/src/interfaces/handlers/cities_handler.go:10.32,16.2 3 1
github.com/adnvilla/patrician/src/interfaces/handlers/cities_handler.go:18.41,29.2 5 1
github.com/adnvilla/patrician/src/interfaces/handlers/city_operations_handler.go:10.31,18.2 4 1
github.com/adnvilla/patrician/src/interfaces/handlers/city_operations_handler.go:20.32,29.2 5 1
github.com/adnvilla/patrician/src/interfaces/handlers/city_operations_handler.go:31.38,36.53 3 1
github.com/adnvilla/patrician/src/interfaces/handlers/city_operations_handler.go:36.53,39.3 2 0
github.com/adnvilla/patrician/src/interfaces/handlers/city_operations_handler.go:41.2,43.137 2 1
github.com/adnvilla/patrician/src/interfaces/handlers/city_operations_handler.go:43.137,46.3 2 1
github.com/adnvilla/patrician/src/interfaces/handlers/city_operations_handler.go:48.2,48.37 1 1
github.com/adnvilla/patrician/src/interfaces/handlers/city_operations_handler.go:51.40,56.55 3 1
github.com/adnvilla/patrician/src/interfaces/handlers/city_operations_handler.go:56.55,59.3 2 0
github.com/adnvilla/patrician/src/interfaces/handlers/city_operations_handler.go:61.2,63.52 2 1
github.com/adnvilla/patrician/src/interfaces/handlers/city_operations_handler.go:63.52,64.138 1 1
github.com/adnvilla/patrician/src/interfaces/handlers/city_operations_handler.go:64.138,67.4 2 0
github.com/adnvilla/patrician/src/interfaces/handlers/city_operations_handler.go:70.2,70.37 1 1
github.com/adnvilla/patrician/src/interfaces/handlers/commodities_handler.go:10.37,16.2 3 1
github.com/adnvilla/patrician/src/interfaces/handlers/distances_handler.go:10.35,16.2 3 1
